have_library: checking for gdImageCreate() in -lgd... -------------------- yes

" gcc -o conftest -I/Users/tyler/.rvm/rubies/ruby-2.6.5/include/ruby-2.6.0/x86_64-darwin17 -I/Users/tyler/.rvm/rubies/ruby-2.6.5/include/ruby-2.6.0/ruby/backward -I/Users/tyler/.rvm/rubies/ruby-2.6.5/include/ruby-2.6.0 -I../ext/quality_map_c -I/usr/local/opt/zlib/include -I/usr/local/opt/libyaml/include -I/usr/local/opt/readline/include -I/usr/local/opt/libksba/include -I/usr/local/opt/openssl@1.1/include -D_XOPEN_SOURCE -D_DARWIN_C_SOURCE -D_DARWIN_UNLIMITED_SELECT -D_REENTRANT   -O3 -ggdb3 -Wall -Wextra -Wdeclaration-after-statement -Wdeprecated-declarations -Wdivision-by-zero -Wimplicit-function-declaration -Wimplicit-int -Wpointer-arith -Wshorten-64-to-32 -Wwrite-strings -Wmissing-noreturn -Wno-constant-logical-operand -Wno-long-long -Wno-missing-field-initializers -Wno-overlength-strings -Wno-parentheses-equality -Wno-self-assign -Wno-tautological-compare -Wno-unused-parameter -Wno-unused-value -Wunused-variable -Wextra-tokens  -fno-common -pipe conftest.c  -L. -L/Users/tyler/.rvm/rubies/ruby-2.6.5/lib -L/usr/local/opt/libyaml/lib -L/usr/local/opt/readline/lib -L/usr/local/opt/libksba/lib -L/usr/local/opt/openssl@1.1/lib -L. -L/usr/local/opt/zlib/lib -fstack-protector-strong -L/usr/local/lib -L/usr/local/opt/libyaml/lib -L/usr/local/opt/readline/lib -L/usr/local/opt/libksba/lib -L/usr/local/opt/openssl@1.1/lib     -lruby.2.6   "
checked program was:
/* begin */
1: #include "ruby.h"
2: 
3: int main(int argc, char **argv)
4: {
5:   return 0;
6: }
/* end */

" gcc -o conftest -I/Users/tyler/.rvm/rubies/ruby-2.6.5/include/ruby-2.6.0/x86_64-darwin17 -I/Users/tyler/.rvm/rubies/ruby-2.6.5/include/ruby-2.6.0/ruby/backward -I/Users/tyler/.rvm/rubies/ruby-2.6.5/include/ruby-2.6.0 -I../ext/quality_map_c -I/usr/local/opt/zlib/include -I/usr/local/opt/libyaml/include -I/usr/local/opt/readline/include -I/usr/local/opt/libksba/include -I/usr/local/opt/openssl@1.1/include -D_XOPEN_SOURCE -D_DARWIN_C_SOURCE -D_DARWIN_UNLIMITED_SELECT -D_REENTRANT   -O3 -ggdb3 -Wall -Wextra -Wdeclaration-after-statement -Wdeprecated-declarations -Wdivision-by-zero -Wimplicit-function-declaration -Wimplicit-int -Wpointer-arith -Wshorten-64-to-32 -Wwrite-strings -Wmissing-noreturn -Wno-constant-logical-operand -Wno-long-long -Wno-missing-field-initializers -Wno-overlength-strings -Wno-parentheses-equality -Wno-self-assign -Wno-tautological-compare -Wno-unused-parameter -Wno-unused-value -Wunused-variable -Wextra-tokens  -fno-common -pipe conftest.c  -L. -L/Users/tyler/.rvm/rubies/ruby-2.6.5/lib -L/usr/local/opt/libyaml/lib -L/usr/local/opt/readline/lib -L/usr/local/opt/libksba/lib -L/usr/local/opt/openssl@1.1/lib -L. -L/usr/local/opt/zlib/lib -fstack-protector-strong -L/usr/local/lib -L/usr/local/opt/libyaml/lib -L/usr/local/opt/readline/lib -L/usr/local/opt/libksba/lib -L/usr/local/opt/openssl@1.1/lib     -lruby.2.6 -lgd   "
conftest.c:14:57: error: use of undeclared identifier 'gdImageCreate'
int t(void) { void ((*volatile p)()); p = (void ((*)()))gdImageCreate; return !p; }
                                                        ^
1 error generated.
checked program was:
/* begin */
 1: #include "ruby.h"
 2: 
 3: /*top*/
 4: extern int t(void);
 5: int main(int argc, char **argv)
 6: {
 7:   if (argc > 1000000) {
 8:     int (* volatile tp)(void)=(int (*)(void))&t;
 9:     printf("%d", (*tp)());
10:   }
11: 
12:   return 0;
13: }
14: int t(void) { void ((*volatile p)()); p = (void ((*)()))gdImageCreate; return !p; }
/* end */

" gcc -o conftest -I/Users/tyler/.rvm/rubies/ruby-2.6.5/include/ruby-2.6.0/x86_64-darwin17 -I/Users/tyler/.rvm/rubies/ruby-2.6.5/include/ruby-2.6.0/ruby/backward -I/Users/tyler/.rvm/rubies/ruby-2.6.5/include/ruby-2.6.0 -I../ext/quality_map_c -I/usr/local/opt/zlib/include -I/usr/local/opt/libyaml/include -I/usr/local/opt/readline/include -I/usr/local/opt/libksba/include -I/usr/local/opt/openssl@1.1/include -D_XOPEN_SOURCE -D_DARWIN_C_SOURCE -D_DARWIN_UNLIMITED_SELECT -D_REENTRANT   -O3 -ggdb3 -Wall -Wextra -Wdeclaration-after-statement -Wdeprecated-declarations -Wdivision-by-zero -Wimplicit-function-declaration -Wimplicit-int -Wpointer-arith -Wshorten-64-to-32 -Wwrite-strings -Wmissing-noreturn -Wno-constant-logical-operand -Wno-long-long -Wno-missing-field-initializers -Wno-overlength-strings -Wno-parentheses-equality -Wno-self-assign -Wno-tautological-compare -Wno-unused-parameter -Wno-unused-value -Wunused-variable -Wextra-tokens  -fno-common -pipe conftest.c  -L. -L/Users/tyler/.rvm/rubies/ruby-2.6.5/lib -L/usr/local/opt/libyaml/lib -L/usr/local/opt/readline/lib -L/usr/local/opt/libksba/lib -L/usr/local/opt/openssl@1.1/lib -L. -L/usr/local/opt/zlib/lib -fstack-protector-strong -L/usr/local/lib -L/usr/local/opt/libyaml/lib -L/usr/local/opt/readline/lib -L/usr/local/opt/libksba/lib -L/usr/local/opt/openssl@1.1/lib     -lruby.2.6 -lgd   "
checked program was:
/* begin */
 1: #include "ruby.h"
 2: 
 3: /*top*/
 4: extern int t(void);
 5: int main(int argc, char **argv)
 6: {
 7:   if (argc > 1000000) {
 8:     int (* volatile tp)(void)=(int (*)(void))&t;
 9:     printf("%d", (*tp)());
10:   }
11: 
12:   return 0;
13: }
14: extern void gdImageCreate();
15: int t(void) { gdImageCreate(); return 0; }
/* end */

--------------------

have_library: checking for -lpng... -------------------- yes

" gcc -o conftest -I/Users/tyler/.rvm/rubies/ruby-2.6.5/include/ruby-2.6.0/x86_64-darwin17 -I/Users/tyler/.rvm/rubies/ruby-2.6.5/include/ruby-2.6.0/ruby/backward -I/Users/tyler/.rvm/rubies/ruby-2.6.5/include/ruby-2.6.0 -I../ext/quality_map_c -I/usr/local/opt/zlib/include -I/usr/local/opt/libyaml/include -I/usr/local/opt/readline/include -I/usr/local/opt/libksba/include -I/usr/local/opt/openssl@1.1/include -D_XOPEN_SOURCE -D_DARWIN_C_SOURCE -D_DARWIN_UNLIMITED_SELECT -D_REENTRANT   -O3 -ggdb3 -Wall -Wextra -Wdeclaration-after-statement -Wdeprecated-declarations -Wdivision-by-zero -Wimplicit-function-declaration -Wimplicit-int -Wpointer-arith -Wshorten-64-to-32 -Wwrite-strings -Wmissing-noreturn -Wno-constant-logical-operand -Wno-long-long -Wno-missing-field-initializers -Wno-overlength-strings -Wno-parentheses-equality -Wno-self-assign -Wno-tautological-compare -Wno-unused-parameter -Wno-unused-value -Wunused-variable -Wextra-tokens  -fno-common -pipe conftest.c  -L. -L/Users/tyler/.rvm/rubies/ruby-2.6.5/lib -L/usr/local/opt/libyaml/lib -L/usr/local/opt/readline/lib -L/usr/local/opt/libksba/lib -L/usr/local/opt/openssl@1.1/lib -L. -L/usr/local/opt/zlib/lib -fstack-protector-strong -L/usr/local/lib -L/usr/local/opt/libyaml/lib -L/usr/local/opt/readline/lib -L/usr/local/opt/libksba/lib -L/usr/local/opt/openssl@1.1/lib    -lgd  -lruby.2.6 -lpng -lgd   "
checked program was:
/* begin */
 1: #include "ruby.h"
 2: 
 3: /*top*/
 4: extern int t(void);
 5: int main(int argc, char **argv)
 6: {
 7:   if (argc > 1000000) {
 8:     int (* volatile tp)(void)=(int (*)(void))&t;
 9:     printf("%d", (*tp)());
10:   }
11: 
12:   return 0;
13: }
14: 
15: int t(void) { ; return 0; }
/* end */

--------------------

have_library: checking for -lz... -------------------- yes

" gcc -o conftest -I/Users/tyler/.rvm/rubies/ruby-2.6.5/include/ruby-2.6.0/x86_64-darwin17 -I/Users/tyler/.rvm/rubies/ruby-2.6.5/include/ruby-2.6.0/ruby/backward -I/Users/tyler/.rvm/rubies/ruby-2.6.5/include/ruby-2.6.0 -I../ext/quality_map_c -I/usr/local/opt/zlib/include -I/usr/local/opt/libyaml/include -I/usr/local/opt/readline/include -I/usr/local/opt/libksba/include -I/usr/local/opt/openssl@1.1/include -D_XOPEN_SOURCE -D_DARWIN_C_SOURCE -D_DARWIN_UNLIMITED_SELECT -D_REENTRANT   -O3 -ggdb3 -Wall -Wextra -Wdeclaration-after-statement -Wdeprecated-declarations -Wdivision-by-zero -Wimplicit-function-declaration -Wimplicit-int -Wpointer-arith -Wshorten-64-to-32 -Wwrite-strings -Wmissing-noreturn -Wno-constant-logical-operand -Wno-long-long -Wno-missing-field-initializers -Wno-overlength-strings -Wno-parentheses-equality -Wno-self-assign -Wno-tautological-compare -Wno-unused-parameter -Wno-unused-value -Wunused-variable -Wextra-tokens  -fno-common -pipe conftest.c  -L. -L/Users/tyler/.rvm/rubies/ruby-2.6.5/lib -L/usr/local/opt/libyaml/lib -L/usr/local/opt/readline/lib -L/usr/local/opt/libksba/lib -L/usr/local/opt/openssl@1.1/lib -L. -L/usr/local/opt/zlib/lib -fstack-protector-strong -L/usr/local/lib -L/usr/local/opt/libyaml/lib -L/usr/local/opt/readline/lib -L/usr/local/opt/libksba/lib -L/usr/local/opt/openssl@1.1/lib    -lpng -lgd  -lruby.2.6 -lz -lpng -lgd   "
checked program was:
/* begin */
 1: #include "ruby.h"
 2: 
 3: /*top*/
 4: extern int t(void);
 5: int main(int argc, char **argv)
 6: {
 7:   if (argc > 1000000) {
 8:     int (* volatile tp)(void)=(int (*)(void))&t;
 9:     printf("%d", (*tp)());
10:   }
11: 
12:   return 0;
13: }
14: 
15: int t(void) { ; return 0; }
/* end */

--------------------

have_library: checking for -ljpeg... -------------------- yes

" gcc -o conftest -I/Users/tyler/.rvm/rubies/ruby-2.6.5/include/ruby-2.6.0/x86_64-darwin17 -I/Users/tyler/.rvm/rubies/ruby-2.6.5/include/ruby-2.6.0/ruby/backward -I/Users/tyler/.rvm/rubies/ruby-2.6.5/include/ruby-2.6.0 -I../ext/quality_map_c -I/usr/local/opt/zlib/include -I/usr/local/opt/libyaml/include -I/usr/local/opt/readline/include -I/usr/local/opt/libksba/include -I/usr/local/opt/openssl@1.1/include -D_XOPEN_SOURCE -D_DARWIN_C_SOURCE -D_DARWIN_UNLIMITED_SELECT -D_REENTRANT   -O3 -ggdb3 -Wall -Wextra -Wdeclaration-after-statement -Wdeprecated-declarations -Wdivision-by-zero -Wimplicit-function-declaration -Wimplicit-int -Wpointer-arith -Wshorten-64-to-32 -Wwrite-strings -Wmissing-noreturn -Wno-constant-logical-operand -Wno-long-long -Wno-missing-field-initializers -Wno-overlength-strings -Wno-parentheses-equality -Wno-self-assign -Wno-tautological-compare -Wno-unused-parameter -Wno-unused-value -Wunused-variable -Wextra-tokens  -fno-common -pipe conftest.c  -L. -L/Users/tyler/.rvm/rubies/ruby-2.6.5/lib -L/usr/local/opt/libyaml/lib -L/usr/local/opt/readline/lib -L/usr/local/opt/libksba/lib -L/usr/local/opt/openssl@1.1/lib -L. -L/usr/local/opt/zlib/lib -fstack-protector-strong -L/usr/local/lib -L/usr/local/opt/libyaml/lib -L/usr/local/opt/readline/lib -L/usr/local/opt/libksba/lib -L/usr/local/opt/openssl@1.1/lib    -lz -lpng -lgd  -lruby.2.6 -ljpeg -lz -lpng -lgd   "
checked program was:
/* begin */
 1: #include "ruby.h"
 2: 
 3: /*top*/
 4: extern int t(void);
 5: int main(int argc, char **argv)
 6: {
 7:   if (argc > 1000000) {
 8:     int (* volatile tp)(void)=(int (*)(void))&t;
 9:     printf("%d", (*tp)());
10:   }
11: 
12:   return 0;
13: }
14: 
15: int t(void) { ; return 0; }
/* end */

--------------------

have_library: checking for -lfreetype... -------------------- yes

" gcc -o conftest -I/Users/tyler/.rvm/rubies/ruby-2.6.5/include/ruby-2.6.0/x86_64-darwin17 -I/Users/tyler/.rvm/rubies/ruby-2.6.5/include/ruby-2.6.0/ruby/backward -I/Users/tyler/.rvm/rubies/ruby-2.6.5/include/ruby-2.6.0 -I../ext/quality_map_c -I/usr/local/opt/zlib/include -I/usr/local/opt/libyaml/include -I/usr/local/opt/readline/include -I/usr/local/opt/libksba/include -I/usr/local/opt/openssl@1.1/include -D_XOPEN_SOURCE -D_DARWIN_C_SOURCE -D_DARWIN_UNLIMITED_SELECT -D_REENTRANT   -O3 -ggdb3 -Wall -Wextra -Wdeclaration-after-statement -Wdeprecated-declarations -Wdivision-by-zero -Wimplicit-function-declaration -Wimplicit-int -Wpointer-arith -Wshorten-64-to-32 -Wwrite-strings -Wmissing-noreturn -Wno-constant-logical-operand -Wno-long-long -Wno-missing-field-initializers -Wno-overlength-strings -Wno-parentheses-equality -Wno-self-assign -Wno-tautological-compare -Wno-unused-parameter -Wno-unused-value -Wunused-variable -Wextra-tokens  -fno-common -pipe conftest.c  -L. -L/Users/tyler/.rvm/rubies/ruby-2.6.5/lib -L/usr/local/opt/libyaml/lib -L/usr/local/opt/readline/lib -L/usr/local/opt/libksba/lib -L/usr/local/opt/openssl@1.1/lib -L. -L/usr/local/opt/zlib/lib -fstack-protector-strong -L/usr/local/lib -L/usr/local/opt/libyaml/lib -L/usr/local/opt/readline/lib -L/usr/local/opt/libksba/lib -L/usr/local/opt/openssl@1.1/lib    -ljpeg -lz -lpng -lgd  -lruby.2.6 -lfreetype -ljpeg -lz -lpng -lgd   "
checked program was:
/* begin */
 1: #include "ruby.h"
 2: 
 3: /*top*/
 4: extern int t(void);
 5: int main(int argc, char **argv)
 6: {
 7:   if (argc > 1000000) {
 8:     int (* volatile tp)(void)=(int (*)(void))&t;
 9:     printf("%d", (*tp)());
10:   }
11: 
12:   return 0;
13: }
14: 
15: int t(void) { ; return 0; }
/* end */

--------------------

have_library: checking for -lm... -------------------- yes

" gcc -o conftest -I/Users/tyler/.rvm/rubies/ruby-2.6.5/include/ruby-2.6.0/x86_64-darwin17 -I/Users/tyler/.rvm/rubies/ruby-2.6.5/include/ruby-2.6.0/ruby/backward -I/Users/tyler/.rvm/rubies/ruby-2.6.5/include/ruby-2.6.0 -I../ext/quality_map_c -I/usr/local/opt/zlib/include -I/usr/local/opt/libyaml/include -I/usr/local/opt/readline/include -I/usr/local/opt/libksba/include -I/usr/local/opt/openssl@1.1/include -D_XOPEN_SOURCE -D_DARWIN_C_SOURCE -D_DARWIN_UNLIMITED_SELECT -D_REENTRANT   -O3 -ggdb3 -Wall -Wextra -Wdeclaration-after-statement -Wdeprecated-declarations -Wdivision-by-zero -Wimplicit-function-declaration -Wimplicit-int -Wpointer-arith -Wshorten-64-to-32 -Wwrite-strings -Wmissing-noreturn -Wno-constant-logical-operand -Wno-long-long -Wno-missing-field-initializers -Wno-overlength-strings -Wno-parentheses-equality -Wno-self-assign -Wno-tautological-compare -Wno-unused-parameter -Wno-unused-value -Wunused-variable -Wextra-tokens  -fno-common -pipe conftest.c  -L. -L/Users/tyler/.rvm/rubies/ruby-2.6.5/lib -L/usr/local/opt/libyaml/lib -L/usr/local/opt/readline/lib -L/usr/local/opt/libksba/lib -L/usr/local/opt/openssl@1.1/lib -L. -L/usr/local/opt/zlib/lib -fstack-protector-strong -L/usr/local/lib -L/usr/local/opt/libyaml/lib -L/usr/local/opt/readline/lib -L/usr/local/opt/libksba/lib -L/usr/local/opt/openssl@1.1/lib    -lfreetype -ljpeg -lz -lpng -lgd  -lruby.2.6 -lm -lfreetype -ljpeg -lz -lpng -lgd   "
checked program was:
/* begin */
 1: #include "ruby.h"
 2: 
 3: /*top*/
 4: extern int t(void);
 5: int main(int argc, char **argv)
 6: {
 7:   if (argc > 1000000) {
 8:     int (* volatile tp)(void)=(int (*)(void))&t;
 9:     printf("%d", (*tp)());
10:   }
11: 
12:   return 0;
13: }
14: 
15: int t(void) { ; return 0; }
/* end */

--------------------

